<?xml version="1.0" encoding="UTF-8"?>
<coverage generated="1788201524574" clover="3.2.0">
  <project timestamp="1788201524574" name="All files">
    <metrics statements="168" coveredstatements="134" conditionals="38" coveredconditionals="33" methods="57" coveredmethods="44" elements="263" coveredelements="211" complexity="0" loc="168" ncloc="168" packages="3" files="8" classes="8"/>
    <package name="api">
      <metrics statements="42" coveredstatements="42" conditionals="6" coveredconditionals="6" methods="15" coveredmethods="15"/>
      <file name="authorService.ts" path="C:\Users\jose-\git\library-crud\front-end\src\api\authorService.ts">
        <metrics statements="14" coveredstatements="14" conditionals="0" coveredconditionals="0" methods="5" coveredmethods="5"/>
        <line num="10" count="1" type="stmt"/>
        <line num="11" count="1" type="stmt"/>
        <line num="13" count="1" type="stmt"/>
        <line num="16" count="1" type="stmt"/>
        <line num="19" count="1" type="stmt"/>
        <line num="23" count="1" type="stmt"/>
        <line num="26" count="1" type="stmt"/>
        <line num="29" count="1" type="stmt"/>
        <line num="34" count="1" type="stmt"/>
        <line num="37" count="1" type="stmt"/>
        <line num="41" count="1" type="stmt"/>
        <line num="46" count="1" type="stmt"/>
        <line num="49" count="1" type="stmt"/>
        <line num="52" count="1" type="stmt"/>
      </file>
      <file name="bookService.ts" path="C:\Users\jose-\git\library-crud\front-end\src\api\bookService.ts">
        <metrics statements="14" coveredstatements="14" conditionals="6" coveredconditionals="6" methods="5" coveredmethods="5"/>
        <line num="9" count="1" type="stmt"/>
        <line num="14" count="2" type="stmt"/>
        <line num="26" count="2" type="stmt"/>
        <line num="29" count="1" type="stmt"/>
        <line num="32" count="1" type="stmt"/>
        <line num="36" count="1" type="stmt"/>
        <line num="39" count="1" type="stmt"/>
        <line num="42" count="1" type="stmt"/>
        <line num="47" count="1" type="stmt"/>
        <line num="50" count="1" type="stmt"/>
        <line num="54" count="1" type="stmt"/>
        <line num="59" count="1" type="stmt"/>
        <line num="62" count="1" type="stmt"/>
        <line num="65" count="1" type="stmt"/>
      </file>
      <file name="genreService.ts" path="C:\Users\jose-\git\library-crud\front-end\src\api\genreService.ts">
        <metrics statements="14" coveredstatements="14" conditionals="0" coveredconditionals="0" methods="5" coveredmethods="5"/>
        <line num="9" count="1" type="stmt"/>
        <line num="10" count="1" type="stmt"/>
        <line num="12" count="1" type="stmt"/>
        <line num="15" count="1" type="stmt"/>
        <line num="18" count="1" type="stmt"/>
        <line num="22" count="1" type="stmt"/>
        <line num="25" count="1" type="stmt"/>
        <line num="28" count="1" type="stmt"/>
        <line num="33" count="1" type="stmt"/>
        <line num="36" count="1" type="stmt"/>
        <line num="40" count="1" type="stmt"/>
        <line num="45" count="1" type="stmt"/>
        <line num="48" count="1" type="stmt"/>
        <line num="51" count="1" type="stmt"/>
      </file>
    </package>
    <package name="components">
      <metrics statements="19" coveredstatements="13" conditionals="10" coveredconditionals="10" methods="18" coveredmethods="12"/>
      <file name="BookTable.tsx" path="C:\Users\jose-\git\library-crud\front-end\src\components\BookTable.tsx">
        <metrics statements="6" coveredstatements="6" conditionals="6" coveredconditionals="6" methods="6" coveredmethods="6"/>
        <line num="35" count="17" type="stmt"/>
        <line num="55" count="14" type="stmt"/>
        <line num="73" count="14" type="stmt"/>
        <line num="90" count="1" type="stmt"/>
        <line num="101" count="1" type="stmt"/>
        <line num="113" count="3" type="stmt"/>
      </file>
      <file name="ConfirmDialog.tsx" path="C:\Users\jose-\git\library-crud\front-end\src\components\ConfirmDialog.tsx">
        <metrics statements="1" coveredstatements="1" conditionals="0" coveredconditionals="0" methods="1" coveredmethods="1"/>
        <line num="25" count="24" type="stmt"/>
      </file>
      <file name="SearchBar.tsx" path="C:\Users\jose-\git\library-crud\front-end\src\components\SearchBar.tsx">
        <metrics statements="12" coveredstatements="6" conditionals="4" coveredconditionals="4" methods="11" coveredmethods="5"/>
        <line num="45" count="27" type="stmt"/>
        <line num="47" count="27" type="stmt"/>
        <line num="54" count="1" type="stmt"/>
        <line num="68" count="1" type="stmt"/>
        <line num="80" count="0" type="stmt"/>
        <line num="81" count="0" type="stmt"/>
        <line num="82" count="0" type="stmt"/>
        <line num="84" count="40" type="stmt"/>
        <line num="96" count="0" type="stmt"/>
        <line num="97" count="0" type="stmt"/>
        <line num="98" count="0" type="stmt"/>
        <line num="100" count="40" type="stmt"/>
      </file>
    </package>
    <package name="pages">
      <metrics statements="107" coveredstatements="79" conditionals="22" coveredconditionals="17" methods="24" coveredmethods="17"/>
      <file name="BookDetail.tsx" path="C:\Users\jose-\git\library-crud\front-end\src\pages\BookDetail.tsx">
        <metrics statements="30" coveredstatements="27" conditionals="12" coveredconditionals="9" methods="9" coveredmethods="9"/>
        <line num="30" count="9" type="stmt"/>
        <line num="31" count="9" type="stmt"/>
        <line num="34" count="9" type="stmt"/>
        <line num="37" count="9" type="stmt"/>
        <line num="40" count="9" type="stmt"/>
        <line num="42" count="9" type="stmt"/>
        <line num="43" count="5" type="cond" truecount="1" falsecount="1"/>
        <line num="44" count="0" type="stmt"/>
        <line num="45" count="0" type="stmt"/>
        <line num="46" count="0" type="stmt"/>
        <line num="49" count="5" type="stmt"/>
        <line num="50" count="5" type="stmt"/>
        <line num="51" count="5" type="stmt"/>
        <line num="53" count="5" type="stmt"/>
        <line num="55" count="3" type="stmt"/>
        <line num="57" count="1" type="stmt"/>
        <line num="58" count="1" type="stmt"/>
        <line num="62" count="4" type="stmt"/>
        <line num="66" count="5" type="stmt"/>
        <line num="69" count="9" type="cond" truecount="2" falsecount="0"/>
        <line num="70" count="5" type="stmt"/>
        <line num="81" count="4" type="cond" truecount="2" falsecount="0"/>
        <line num="82" count="1" type="stmt"/>
        <line num="89" count="3" type="stmt"/>
        <line num="99" count="1" type="stmt"/>
        <line num="108" count="1" type="stmt"/>
        <line num="149" count="3" type="stmt"/>
        <line num="219" count="3" type="stmt"/>
        <line num="242" count="3" type="stmt"/>
        <line num="287" count="24" type="stmt"/>
      </file>
      <file name="Home.tsx" path="C:\Users\jose-\git\library-crud\front-end\src\pages\Home.tsx">
        <metrics statements="77" coveredstatements="52" conditionals="10" coveredconditionals="8" methods="15" coveredmethods="8"/>
        <line num="33" count="1" type="stmt"/>
        <line num="36" count="21" type="stmt"/>
        <line num="39" count="21" type="stmt"/>
        <line num="42" count="21" type="stmt"/>
        <line num="45" count="21" type="stmt"/>
        <line num="48" count="21" type="stmt"/>
        <line num="51" count="21" type="stmt"/>
        <line num="54" count="21" type="stmt"/>
        <line num="57" count="21" type="stmt"/>
        <line num="60" count="21" type="stmt"/>
        <line num="63" count="21" type="stmt"/>
        <line num="66" count="21" type="stmt"/>
        <line num="71" count="21" type="stmt"/>
        <line num="72" count="1" type="stmt"/>
        <line num="73" count="1" type="stmt"/>
        <line num="74" count="1" type="stmt"/>
        <line num="76" count="1" type="stmt"/>
        <line num="79" count="0" type="stmt"/>
        <line num="82" count="0" type="stmt"/>
        <line num="86" count="1" type="stmt"/>
        <line num="88" count="0" type="stmt"/>
        <line num="89" count="0" type="stmt"/>
        <line num="93" count="1" type="stmt"/>
        <line num="101" count="21" type="stmt"/>
        <line num="102" count="0" type="stmt"/>
        <line num="104" count="0" type="stmt"/>
        <line num="105" count="0" type="stmt"/>
        <line num="109" count="0" type="stmt"/>
        <line num="115" count="21" type="stmt"/>
        <line num="116" count="8" type="stmt"/>
        <line num="117" count="8" type="stmt"/>
        <line num="118" count="8" type="stmt"/>
        <line num="120" count="8" type="stmt"/>
        <line num="125" count="8" type="stmt"/>
        <line num="131" count="6" type="stmt"/>
        <line num="132" count="6" type="stmt"/>
        <line num="133" count="6" type="stmt"/>
        <line num="135" count="6" type="stmt"/>
        <line num="139" count="1" type="stmt"/>
        <line num="140" count="1" type="stmt"/>
        <line num="144" count="7" type="stmt"/>
        <line num="148" count="8" type="stmt"/>
        <line num="155" count="21" type="stmt"/>
        <line num="156" count="0" type="stmt"/>
        <line num="157" count="0" type="stmt"/>
        <line num="158" count="0" type="stmt"/>
        <line num="160" count="0" type="stmt"/>
        <line num="161" count="0" type="stmt"/>
        <line num="162" count="0" type="stmt"/>
        <line num="164" count="0" type="stmt"/>
        <line num="166" count="0" type="stmt"/>
        <line num="167" count="0" type="stmt"/>
        <line num="171" count="0" type="stmt"/>
        <line num="178" count="21" type="stmt"/>
        <line num="179" count="1" type="cond" truecount="1" falsecount="1"/>
        <line num="180" count="0" type="stmt"/>
        <line num="183" count="1" type="stmt"/>
        <line num="184" count="1" type="stmt"/>
        <line num="185" count="1" type="stmt"/>
        <line num="187" count="1" type="stmt"/>
        <line num="189" count="1" type="stmt"/>
        <line num="194" count="1" type="stmt"/>
        <line num="201" count="1" type="stmt"/>
        <line num="203" count="1" type="stmt"/>
        <line num="207" count="0" type="stmt"/>
        <line num="208" count="0" type="stmt"/>
        <line num="211" count="0" type="stmt"/>
        <line num="218" count="21" type="stmt"/>
        <line num="221" count="0" type="stmt"/>
        <line num="227" count="21" type="stmt"/>
        <line num="230" count="0" type="stmt"/>
        <line num="236" count="21" type="stmt"/>
        <line num="239" count="2" type="stmt"/>
        <line num="242" count="21" type="stmt"/>
        <line num="269" count="1" type="stmt"/>
        <line num="294" count="0" type="stmt"/>
        <line num="348" count="1" type="stmt"/>
      </file>
    </package>
  </project>
</coverage>
