{"C:\\Users\\jose-\\git\\library-crud\\front-end\\src\\api\\authorService.ts": {"path":"C:\\Users\\jose-\\git\\library-crud\\front-end\\src\\api\\authorService.ts","statementMap":{"0":{"start":{"line":10,"column":26},"end":{"line":14,"column":null}},"1":{"start":{"line":11,"column":19},"end":{"line":11,"column":null}},"2":{"start":{"line":13,"column":2},"end":{"line":13,"column":null}},"3":{"start":{"line":16,"column":25},"end":{"line":24,"column":null}},"4":{"start":{"line":19,"column":19},"end":{"line":21,"column":null}},"5":{"start":{"line":23,"column":2},"end":{"line":23,"column":null}},"6":{"start":{"line":26,"column":28},"end":{"line":35,"column":null}},"7":{"start":{"line":29,"column":19},"end":{"line":32,"column":null}},"8":{"start":{"line":34,"column":2},"end":{"line":34,"column":null}},"9":{"start":{"line":37,"column":28},"end":{"line":47,"column":null}},"10":{"start":{"line":41,"column":19},"end":{"line":44,"column":null}},"11":{"start":{"line":46,"column":2},"end":{"line":46,"column":null}},"12":{"start":{"line":49,"column":28},"end":{"line":53,"column":null}},"13":{"start":{"line":52,"column":2},"end":{"line":52,"column":null}}},"fnMap":{"0":{"name":"(anonymous_0)","decl":{"start":{"line":10,"column":26},"end":{"line":10,"column":57}},"loc":{"start":{"line":10,"column":57},"end":{"line":14,"column":null}},"line":10},"1":{"name":"(anonymous_1)","decl":{"start":{"line":16,"column":25},"end":{"line":16,"column":null}},"loc":{"start":{"line":18,"column":22},"end":{"line":24,"column":null}},"line":18},"2":{"name":"(anonymous_2)","decl":{"start":{"line":26,"column":28},"end":{"line":26,"column":null}},"loc":{"start":{"line":28,"column":22},"end":{"line":35,"column":null}},"line":28},"3":{"name":"(anonymous_3)","decl":{"start":{"line":37,"column":28},"end":{"line":37,"column":null}},"loc":{"start":{"line":40,"column":22},"end":{"line":47,"column":null}},"line":40},"4":{"name":"(anonymous_4)","decl":{"start":{"line":49,"column":28},"end":{"line":49,"column":null}},"loc":{"start":{"line":51,"column":20},"end":{"line":53,"column":null}},"line":51}},"branchMap":{},"s":{"0":1,"1":1,"2":1,"3":1,"4":1,"5":1,"6":1,"7":1,"8":1,"9":1,"10":1,"11":1,"12":1,"13":1},"f":{"0":1,"1":1,"2":1,"3":1,"4":1},"b":{},"meta":{"lastBranch":0,"lastFunction":5,"lastStatement":14,"seen":{"s:10:26:14:Infinity":0,"f:10:26:10:57":0,"s:11:19:11:Infinity":1,"s:13:2:13:Infinity":2,"s:16:25:24:Infinity":3,"f:16:25:16:Infinity":1,"s:19:19:21:Infinity":4,"s:23:2:23:Infinity":5,"s:26:28:35:Infinity":6,"f:26:28:26:Infinity":2,"s:29:19:32:Infinity":7,"s:34:2:34:Infinity":8,"s:37:28:47:Infinity":9,"f:37:28:37:Infinity":3,"s:41:19:44:Infinity":10,"s:46:2:46:Infinity":11,"s:49:28:53:Infinity":12,"f:49:28:49:Infinity":4,"s:52:2:52:Infinity":13},"fnNames":{}}}
,"C:\\Users\\jose-\\git\\library-crud\\front-end\\src\\api\\bookService.ts": {"path":"C:\\Users\\jose-\\git\\library-crud\\front-end\\src\\api\\bookService.ts","statementMap":{"0":{"start":{"line":9,"column":24},"end":{"line":27,"column":null}},"1":{"start":{"line":14,"column":19},"end":{"line":24,"column":null}},"2":{"start":{"line":26,"column":2},"end":{"line":26,"column":null}},"3":{"start":{"line":29,"column":23},"end":{"line":37,"column":null}},"4":{"start":{"line":32,"column":19},"end":{"line":34,"column":null}},"5":{"start":{"line":36,"column":2},"end":{"line":36,"column":null}},"6":{"start":{"line":39,"column":26},"end":{"line":48,"column":null}},"7":{"start":{"line":42,"column":19},"end":{"line":45,"column":null}},"8":{"start":{"line":47,"column":2},"end":{"line":47,"column":null}},"9":{"start":{"line":50,"column":26},"end":{"line":60,"column":null}},"10":{"start":{"line":54,"column":19},"end":{"line":57,"column":null}},"11":{"start":{"line":59,"column":2},"end":{"line":59,"column":null}},"12":{"start":{"line":62,"column":26},"end":{"line":66,"column":null}},"13":{"start":{"line":65,"column":2},"end":{"line":65,"column":null}}},"fnMap":{"0":{"name":"(anonymous_0)","decl":{"start":{"line":9,"column":24},"end":{"line":9,"column":null}},"loc":{"start":{"line":13,"column":30},"end":{"line":27,"column":null}},"line":13},"1":{"name":"(anonymous_1)","decl":{"start":{"line":29,"column":23},"end":{"line":29,"column":null}},"loc":{"start":{"line":31,"column":34},"end":{"line":37,"column":null}},"line":31},"2":{"name":"(anonymous_2)","decl":{"start":{"line":39,"column":26},"end":{"line":39,"column":null}},"loc":{"start":{"line":41,"column":34},"end":{"line":48,"column":null}},"line":41},"3":{"name":"(anonymous_3)","decl":{"start":{"line":50,"column":26},"end":{"line":50,"column":null}},"loc":{"start":{"line":53,"column":34},"end":{"line":60,"column":null}},"line":53},"4":{"name":"(anonymous_4)","decl":{"start":{"line":62,"column":26},"end":{"line":62,"column":null}},"loc":{"start":{"line":64,"column":20},"end":{"line":66,"column":null}},"line":64}},"branchMap":{"0":{"loc":{"start":{"line":16,"column":13},"end":{"line":16,"column":null}},"type":"binary-expr","locations":[{"start":{"line":16,"column":13},"end":{"line":16,"column":22}},{"start":{"line":16,"column":22},"end":{"line":16,"column":null}}],"line":16},"1":{"loc":{"start":{"line":17,"column":17},"end":{"line":19,"column":null}},"type":"cond-expr","locations":[{"start":{"line":18,"column":10},"end":{"line":18,"column":null}},{"start":{"line":19,"column":10},"end":{"line":19,"column":null}}],"line":17},"2":{"loc":{"start":{"line":20,"column":16},"end":{"line":22,"column":null}},"type":"cond-expr","locations":[{"start":{"line":21,"column":10},"end":{"line":21,"column":null}},{"start":{"line":22,"column":10},"end":{"line":22,"column":null}}],"line":20}},"s":{"0":1,"1":2,"2":2,"3":1,"4":1,"5":1,"6":1,"7":1,"8":1,"9":1,"10":1,"11":1,"12":1,"13":1},"f":{"0":2,"1":1,"2":1,"3":1,"4":1},"b":{"0":[2,1],"1":[1,1],"2":[1,1]},"meta":{"lastBranch":3,"lastFunction":5,"lastStatement":14,"seen":{"s:9:24:27:Infinity":0,"f:9:24:9:Infinity":0,"s:14:19:24:Infinity":1,"b:16:13:16:22:16:22:16:Infinity":0,"b:18:10:18:Infinity:19:10:19:Infinity":1,"b:21:10:21:Infinity:22:10:22:Infinity":2,"s:26:2:26:Infinity":2,"s:29:23:37:Infinity":3,"f:29:23:29:Infinity":1,"s:32:19:34:Infinity":4,"s:36:2:36:Infinity":5,"s:39:26:48:Infinity":6,"f:39:26:39:Infinity":2,"s:42:19:45:Infinity":7,"s:47:2:47:Infinity":8,"s:50:26:60:Infinity":9,"f:50:26:50:Infinity":3,"s:54:19:57:Infinity":10,"s:59:2:59:Infinity":11,"s:62:26:66:Infinity":12,"f:62:26:62:Infinity":4,"s:65:2:65:Infinity":13},"fnNames":{}}}
,"C:\\Users\\jose-\\git\\library-crud\\front-end\\src\\api\\genreService.ts": {"path":"C:\\Users\\jose-\\git\\library-crud\\front-end\\src\\api\\genreService.ts","statementMap":{"0":{"start":{"line":9,"column":25},"end":{"line":13,"column":null}},"1":{"start":{"line":10,"column":19},"end":{"line":10,"column":null}},"2":{"start":{"line":12,"column":2},"end":{"line":12,"column":null}},"3":{"start":{"line":15,"column":24},"end":{"line":23,"column":null}},"4":{"start":{"line":18,"column":19},"end":{"line":20,"column":null}},"5":{"start":{"line":22,"column":2},"end":{"line":22,"column":null}},"6":{"start":{"line":25,"column":27},"end":{"line":34,"column":null}},"7":{"start":{"line":28,"column":19},"end":{"line":31,"column":null}},"8":{"start":{"line":33,"column":2},"end":{"line":33,"column":null}},"9":{"start":{"line":36,"column":27},"end":{"line":46,"column":null}},"10":{"start":{"line":40,"column":19},"end":{"line":43,"column":null}},"11":{"start":{"line":45,"column":2},"end":{"line":45,"column":null}},"12":{"start":{"line":48,"column":27},"end":{"line":52,"column":null}},"13":{"start":{"line":51,"column":2},"end":{"line":51,"column":null}}},"fnMap":{"0":{"name":"(anonymous_0)","decl":{"start":{"line":9,"column":25},"end":{"line":9,"column":55}},"loc":{"start":{"line":9,"column":55},"end":{"line":13,"column":null}},"line":9},"1":{"name":"(anonymous_1)","decl":{"start":{"line":15,"column":24},"end":{"line":15,"column":null}},"loc":{"start":{"line":17,"column":21},"end":{"line":23,"column":null}},"line":17},"2":{"name":"(anonymous_2)","decl":{"start":{"line":25,"column":27},"end":{"line":25,"column":null}},"loc":{"start":{"line":27,"column":21},"end":{"line":34,"column":null}},"line":27},"3":{"name":"(anonymous_3)","decl":{"start":{"line":36,"column":27},"end":{"line":36,"column":null}},"loc":{"start":{"line":39,"column":21},"end":{"line":46,"column":null}},"line":39},"4":{"name":"(anonymous_4)","decl":{"start":{"line":48,"column":27},"end":{"line":48,"column":null}},"loc":{"start":{"line":50,"column":20},"end":{"line":52,"column":null}},"line":50}},"branchMap":{},"s":{"0":1,"1":1,"2":1,"3":1,"4":1,"5":1,"6":1,"7":1,"8":1,"9":1,"10":1,"11":1,"12":1,"13":1},"f":{"0":1,"1":1,"2":1,"3":1,"4":1},"b":{},"meta":{"lastBranch":0,"lastFunction":5,"lastStatement":14,"seen":{"s:9:25:13:Infinity":0,"f:9:25:9:55":0,"s:10:19:10:Infinity":1,"s:12:2:12:Infinity":2,"s:15:24:23:Infinity":3,"f:15:24:15:Infinity":1,"s:18:19:20:Infinity":4,"s:22:2:22:Infinity":5,"s:25:27:34:Infinity":6,"f:25:27:25:Infinity":2,"s:28:19:31:Infinity":7,"s:33:2:33:Infinity":8,"s:36:27:46:Infinity":9,"f:36:27:36:Infinity":3,"s:40:19:43:Infinity":10,"s:45:2:45:Infinity":11,"s:48:27:52:Infinity":12,"f:48:27:48:Infinity":4,"s:51:2:51:Infinity":13},"fnNames":{}}}
,"C:\\Users\\jose-\\git\\library-crud\\front-end\\src\\components\\BookTable.tsx": {"path":"C:\\Users\\jose-\\git\\library-crud\\front-end\\src\\components\\BookTable.tsx","statementMap":{"0":{"start":{"line":35,"column":2},"end":{"line":136,"column":null}},"1":{"start":{"line":55,"column":12},"end":{"line":121,"column":null}},"2":{"start":{"line":73,"column":18},"end":{"line":78,"column":null}},"3":{"start":{"line":90,"column":20},"end":{"line":90,"column":null}},"4":{"start":{"line":101,"column":22},"end":{"line":101,"column":null}},"5":{"start":{"line":113,"column":22},"end":{"line":113,"column":null}}},"fnMap":{"0":{"name":"BookTable","decl":{"start":{"line":29,"column":24},"end":{"line":29,"column":34}},"loc":{"start":{"line":34,"column":10},"end":{"line":138,"column":null}},"line":34},"1":{"name":"(anonymous_1)","decl":{"start":{"line":54,"column":17},"end":{"line":54,"column":22}},"loc":{"start":{"line":55,"column":12},"end":{"line":121,"column":null}},"line":55},"2":{"name":"(anonymous_2)","decl":{"start":{"line":72,"column":29},"end":{"line":72,"column":34}},"loc":{"start":{"line":73,"column":18},"end":{"line":78,"column":null}},"line":73},"3":{"name":"(anonymous_3)","decl":{"start":{"line":89,"column":18},"end":{"line":89,"column":null}},"loc":{"start":{"line":90,"column":20},"end":{"line":90,"column":null}},"line":90},"4":{"name":"(anonymous_4)","decl":{"start":{"line":100,"column":20},"end":{"line":100,"column":null}},"loc":{"start":{"line":101,"column":22},"end":{"line":101,"column":null}},"line":101},"5":{"name":"(anonymous_5)","decl":{"start":{"line":112,"column":20},"end":{"line":112,"column":null}},"loc":{"start":{"line":113,"column":22},"end":{"line":113,"column":null}},"line":113}},"branchMap":{"0":{"loc":{"start":{"line":97,"column":17},"end":{"line":106,"column":null}},"type":"binary-expr","locations":[{"start":{"line":97,"column":17},"end":{"line":97,"column":null}},{"start":{"line":98,"column":18},"end":{"line":106,"column":null}}],"line":97},"1":{"loc":{"start":{"line":109,"column":17},"end":{"line":118,"column":null}},"type":"binary-expr","locations":[{"start":{"line":109,"column":17},"end":{"line":109,"column":null}},{"start":{"line":110,"column":18},"end":{"line":118,"column":null}}],"line":109},"2":{"loc":{"start":{"line":124,"column":11},"end":{"line":134,"column":null}},"type":"binary-expr","locations":[{"start":{"line":124,"column":11},"end":{"line":124,"column":null}},{"start":{"line":125,"column":12},"end":{"line":134,"column":null}}],"line":124}},"s":{"0":17,"1":14,"2":14,"3":1,"4":1,"5":3},"f":{"0":17,"1":14,"2":14,"3":1,"4":1,"5":3},"b":{"0":[14,11],"1":[14,11],"2":[17,3]},"meta":{"lastBranch":3,"lastFunction":6,"lastStatement":6,"seen":{"f:29:24:29:34":0,"s:35:2:136:Infinity":0,"f:54:17:54:22":1,"s:55:12:121:Infinity":1,"f:72:29:72:34":2,"s:73:18:78:Infinity":2,"f:89:18:89:Infinity":3,"s:90:20:90:Infinity":3,"b:97:17:97:Infinity:98:18:106:Infinity":0,"f:100:20:100:Infinity":4,"s:101:22:101:Infinity":4,"b:109:17:109:Infinity:110:18:118:Infinity":1,"f:112:20:112:Infinity":5,"s:113:22:113:Infinity":5,"b:124:11:124:Infinity:125:12:134:Infinity":2},"fnNames":{}}}
,"C:\\Users\\jose-\\git\\library-crud\\front-end\\src\\components\\ConfirmDialog.tsx": {"path":"C:\\Users\\jose-\\git\\library-crud\\front-end\\src\\components\\ConfirmDialog.tsx","statementMap":{"0":{"start":{"line":25,"column":2},"end":{"line":44,"column":null}}},"fnMap":{"0":{"name":"ConfirmDialog","decl":{"start":{"line":18,"column":24},"end":{"line":18,"column":38}},"loc":{"start":{"line":24,"column":10},"end":{"line":46,"column":null}},"line":24}},"branchMap":{},"s":{"0":24},"f":{"0":24},"b":{},"meta":{"lastBranch":0,"lastFunction":1,"lastStatement":1,"seen":{"f:18:24:18:38":0,"s:25:2:44:Infinity":0},"fnNames":{}}}
,"C:\\Users\\jose-\\git\\library-crud\\front-end\\src\\components\\SearchBar.tsx": {"path":"C:\\Users\\jose-\\git\\library-crud\\front-end\\src\\components\\SearchBar.tsx","statementMap":{"0":{"start":{"line":45,"column":40},"end":{"line":45,"column":null}},"1":{"start":{"line":47,"column":2},"end":{"line":128,"column":null}},"2":{"start":{"line":54,"column":27},"end":{"line":54,"column":null}},"3":{"start":{"line":68,"column":27},"end":{"line":68,"column":null}},"4":{"start":{"line":80,"column":42},"end":{"line":80,"column":null}},"5":{"start":{"line":81,"column":46},"end":{"line":81,"column":null}},"6":{"start":{"line":82,"column":38},"end":{"line":82,"column":null}},"7":{"start":{"line":84,"column":16},"end":{"line":88,"column":null}},"8":{"start":{"line":96,"column":42},"end":{"line":96,"column":null}},"9":{"start":{"line":97,"column":46},"end":{"line":97,"column":null}},"10":{"start":{"line":98,"column":38},"end":{"line":98,"column":null}},"11":{"start":{"line":100,"column":16},"end":{"line":104,"column":null}}},"fnMap":{"0":{"name":"SearchBar","decl":{"start":{"line":33,"column":24},"end":{"line":33,"column":34}},"loc":{"start":{"line":44,"column":10},"end":{"line":130,"column":null}},"line":44},"1":{"name":"(anonymous_1)","decl":{"start":{"line":54,"column":10},"end":{"line":54,"column":21}},"loc":{"start":{"line":54,"column":27},"end":{"line":54,"column":null}},"line":54},"2":{"name":"(anonymous_2)","decl":{"start":{"line":68,"column":12},"end":{"line":68,"column":27}},"loc":{"start":{"line":68,"column":27},"end":{"line":68,"column":null}},"line":68},"3":{"name":"(anonymous_3)","decl":{"start":{"line":80,"column":14},"end":{"line":80,"column":31}},"loc":{"start":{"line":80,"column":42},"end":{"line":80,"column":null}},"line":80},"4":{"name":"(anonymous_4)","decl":{"start":{"line":81,"column":14},"end":{"line":81,"column":37}},"loc":{"start":{"line":81,"column":46},"end":{"line":81,"column":null}},"line":81},"5":{"name":"(anonymous_5)","decl":{"start":{"line":82,"column":14},"end":{"line":82,"column":25}},"loc":{"start":{"line":82,"column":38},"end":{"line":82,"column":null}},"line":82},"6":{"name":"(anonymous_6)","decl":{"start":{"line":83,"column":14},"end":{"line":83,"column":28}},"loc":{"start":{"line":84,"column":16},"end":{"line":88,"column":null}},"line":84},"7":{"name":"(anonymous_7)","decl":{"start":{"line":96,"column":14},"end":{"line":96,"column":31}},"loc":{"start":{"line":96,"column":42},"end":{"line":96,"column":null}},"line":96},"8":{"name":"(anonymous_8)","decl":{"start":{"line":97,"column":14},"end":{"line":97,"column":37}},"loc":{"start":{"line":97,"column":46},"end":{"line":97,"column":null}},"line":97},"9":{"name":"(anonymous_9)","decl":{"start":{"line":98,"column":14},"end":{"line":98,"column":25}},"loc":{"start":{"line":98,"column":38},"end":{"line":98,"column":null}},"line":98},"10":{"name":"(anonymous_10)","decl":{"start":{"line":99,"column":14},"end":{"line":99,"column":28}},"loc":{"start":{"line":100,"column":16},"end":{"line":104,"column":null}},"line":100}},"branchMap":{"0":{"loc":{"start":{"line":62,"column":14},"end":{"line":65,"column":null}},"type":"cond-expr","locations":[{"start":{"line":63,"column":16},"end":{"line":65,"column":17}},{"start":{"line":65,"column":16},"end":{"line":65,"column":null}}],"line":62},"1":{"loc":{"start":{"line":70,"column":13},"end":{"line":70,"column":null}},"type":"cond-expr","locations":[{"start":{"line":70,"column":27},"end":{"line":70,"column":44}},{"start":{"line":70,"column":44},"end":{"line":70,"column":null}}],"line":70}},"s":{"0":27,"1":27,"2":1,"3":1,"4":0,"5":0,"6":0,"7":40,"8":0,"9":0,"10":0,"11":40},"f":{"0":27,"1":1,"2":1,"3":0,"4":0,"5":0,"6":40,"7":0,"8":0,"9":0,"10":40},"b":{"0":[1,26],"1":[1,26]},"meta":{"lastBranch":2,"lastFunction":11,"lastStatement":12,"seen":{"f:33:24:33:34":0,"s:45:40:45:Infinity":0,"s:47:2:128:Infinity":1,"f:54:10:54:21":1,"s:54:27:54:Infinity":2,"b:63:16:65:17:65:16:65:Infinity":0,"f:68:12:68:27":2,"s:68:27:68:Infinity":3,"b:70:27:70:44:70:44:70:Infinity":1,"f:80:14:80:31":3,"s:80:42:80:Infinity":4,"f:81:14:81:37":4,"s:81:46:81:Infinity":5,"f:82:14:82:25":5,"s:82:38:82:Infinity":6,"f:83:14:83:28":6,"s:84:16:88:Infinity":7,"f:96:14:96:31":7,"s:96:42:96:Infinity":8,"f:97:14:97:37":8,"s:97:46:97:Infinity":9,"f:98:14:98:25":9,"s:98:38:98:Infinity":10,"f:99:14:99:28":10,"s:100:16:104:Infinity":11},"fnNames":{}}}
,"C:\\Users\\jose-\\git\\library-crud\\front-end\\src\\pages\\BookDetail.tsx": {"path":"C:\\Users\\jose-\\git\\library-crud\\front-end\\src\\pages\\BookDetail.tsx","statementMap":{"0":{"start":{"line":30,"column":17},"end":{"line":30,"column":27}},"1":{"start":{"line":31,"column":19},"end":{"line":31,"column":31}},"2":{"start":{"line":34,"column":4},"end":{"line":34,"column":null}},"3":{"start":{"line":37,"column":4},"end":{"line":37,"column":null}},"4":{"start":{"line":40,"column":4},"end":{"line":40,"column":null}},"5":{"start":{"line":42,"column":2},"end":{"line":67,"column":null}},"6":{"start":{"line":43,"column":4},"end":{"line":47,"column":null}},"7":{"start":{"line":44,"column":6},"end":{"line":44,"column":null}},"8":{"start":{"line":45,"column":6},"end":{"line":45,"column":null}},"9":{"start":{"line":46,"column":6},"end":{"line":46,"column":null}},"10":{"start":{"line":49,"column":21},"end":{"line":64,"column":null}},"11":{"start":{"line":50,"column":6},"end":{"line":63,"column":null}},"12":{"start":{"line":51,"column":8},"end":{"line":51,"column":null}},"13":{"start":{"line":53,"column":21},"end":{"line":53,"column":null}},"14":{"start":{"line":55,"column":8},"end":{"line":55,"column":null}},"15":{"start":{"line":57,"column":8},"end":{"line":57,"column":null}},"16":{"start":{"line":58,"column":8},"end":{"line":60,"column":null}},"17":{"start":{"line":62,"column":8},"end":{"line":62,"column":null}},"18":{"start":{"line":66,"column":4},"end":{"line":66,"column":null}},"19":{"start":{"line":69,"column":2},"end":{"line":79,"column":null}},"20":{"start":{"line":70,"column":4},"end":{"line":77,"column":null}},"21":{"start":{"line":81,"column":2},"end":{"line":87,"column":null}},"22":{"start":{"line":82,"column":4},"end":{"line":85,"column":null}},"23":{"start":{"line":89,"column":2},"end":{"line":274,"column":null}},"24":{"start":{"line":99,"column":25},"end":{"line":99,"column":null}},"25":{"start":{"line":108,"column":12},"end":{"line":108,"column":null}},"26":{"start":{"line":149,"column":12},"end":{"line":152,"column":null}},"27":{"start":{"line":219,"column":12},"end":{"line":223,"column":null}},"28":{"start":{"line":242,"column":12},"end":{"line":246,"column":null}},"29":{"start":{"line":287,"column":2},"end":{"line":299,"column":null}}},"fnMap":{"0":{"name":"BookDetail","decl":{"start":{"line":29,"column":24},"end":{"line":29,"column":37}},"loc":{"start":{"line":29,"column":37},"end":{"line":276,"column":null}},"line":29},"1":{"name":"(anonymous_1)","decl":{"start":{"line":42,"column":2},"end":{"line":42,"column":18}},"loc":{"start":{"line":42,"column":18},"end":{"line":67,"column":5}},"line":42},"2":{"name":"(anonymous_2)","decl":{"start":{"line":49,"column":21},"end":{"line":49,"column":33}},"loc":{"start":{"line":49,"column":33},"end":{"line":64,"column":null}},"line":49},"3":{"name":"(anonymous_3)","decl":{"start":{"line":99,"column":10},"end":{"line":99,"column":25}},"loc":{"start":{"line":99,"column":25},"end":{"line":99,"column":null}},"line":99},"4":{"name":"(anonymous_4)","decl":{"start":{"line":107,"column":10},"end":{"line":107,"column":null}},"loc":{"start":{"line":108,"column":12},"end":{"line":108,"column":null}},"line":108},"5":{"name":"(anonymous_5)","decl":{"start":{"line":148,"column":23},"end":{"line":148,"column":28}},"loc":{"start":{"line":149,"column":12},"end":{"line":152,"column":null}},"line":149},"6":{"name":"(anonymous_6)","decl":{"start":{"line":218,"column":24},"end":{"line":218,"column":29}},"loc":{"start":{"line":219,"column":12},"end":{"line":223,"column":null}},"line":219},"7":{"name":"(anonymous_7)","decl":{"start":{"line":241,"column":23},"end":{"line":241,"column":28}},"loc":{"start":{"line":242,"column":12},"end":{"line":246,"column":null}},"line":242},"8":{"name":"InfoItem","decl":{"start":{"line":283,"column":9},"end":{"line":283,"column":18}},"loc":{"start":{"line":286,"column":18},"end":{"line":301,"column":null}},"line":286}},"branchMap":{"0":{"loc":{"start":{"line":43,"column":4},"end":{"line":47,"column":null}},"type":"if","locations":[{"start":{"line":43,"column":4},"end":{"line":47,"column":null}},{"start":{},"end":{}}],"line":43},"1":{"loc":{"start":{"line":69,"column":2},"end":{"line":79,"column":null}},"type":"if","locations":[{"start":{"line":69,"column":2},"end":{"line":79,"column":null}},{"start":{},"end":{}}],"line":69},"2":{"loc":{"start":{"line":81,"column":2},"end":{"line":87,"column":null}},"type":"if","locations":[{"start":{"line":81,"column":2},"end":{"line":87,"column":null}},{"start":{},"end":{}}],"line":81},"3":{"loc":{"start":{"line":84,"column":9},"end":{"line":84,"column":null}},"type":"binary-expr","locations":[{"start":{"line":84,"column":9},"end":{"line":84,"column":18}},{"start":{"line":84,"column":18},"end":{"line":84,"column":null}}],"line":84},"4":{"loc":{"start":{"line":221,"column":15},"end":{"line":222,"column":null}},"type":"binary-expr","locations":[{"start":{"line":221,"column":15},"end":{"line":221,"column":null}},{"start":{"line":222,"column":16},"end":{"line":222,"column":null}}],"line":221},"5":{"loc":{"start":{"line":297,"column":9},"end":{"line":297,"column":null}},"type":"binary-expr","locations":[{"start":{"line":297,"column":9},"end":{"line":297,"column":18}},{"start":{"line":297,"column":18},"end":{"line":297,"column":null}}],"line":297}},"s":{"0":9,"1":9,"2":9,"3":9,"4":9,"5":9,"6":5,"7":0,"8":0,"9":0,"10":5,"11":5,"12":5,"13":5,"14":3,"15":1,"16":1,"17":4,"18":5,"19":9,"20":5,"21":4,"22":1,"23":3,"24":1,"25":1,"26":3,"27":3,"28":3,"29":24},"f":{"0":9,"1":5,"2":5,"3":1,"4":1,"5":3,"6":3,"7":3,"8":24},"b":{"0":[0,5],"1":[5,4],"2":[1,3],"3":[1,0],"4":[3,3],"5":[24,0]},"meta":{"lastBranch":6,"lastFunction":9,"lastStatement":30,"seen":{"f:29:24:29:37":0,"s:30:17:30:27":0,"s:31:19:31:31":1,"s:34:4:34:Infinity":2,"s:37:4:37:Infinity":3,"s:40:4:40:Infinity":4,"s:42:2:67:Infinity":5,"f:42:2:42:18":1,"b:43:4:47:Infinity:undefined:undefined:undefined:undefined":0,"s:43:4:47:Infinity":6,"s:44:6:44:Infinity":7,"s:45:6:45:Infinity":8,"s:46:6:46:Infinity":9,"s:49:21:64:Infinity":10,"f:49:21:49:33":2,"s:50:6:63:Infinity":11,"s:51:8:51:Infinity":12,"s:53:21:53:Infinity":13,"s:55:8:55:Infinity":14,"s:57:8:57:Infinity":15,"s:58:8:60:Infinity":16,"s:62:8:62:Infinity":17,"s:66:4:66:Infinity":18,"b:69:2:79:Infinity:undefined:undefined:undefined:undefined":1,"s:69:2:79:Infinity":19,"s:70:4:77:Infinity":20,"b:81:2:87:Infinity:undefined:undefined:undefined:undefined":2,"s:81:2:87:Infinity":21,"s:82:4:85:Infinity":22,"b:84:9:84:18:84:18:84:Infinity":3,"s:89:2:274:Infinity":23,"f:99:10:99:25":3,"s:99:25:99:Infinity":24,"f:107:10:107:Infinity":4,"s:108:12:108:Infinity":25,"f:148:23:148:28":5,"s:149:12:152:Infinity":26,"f:218:24:218:29":6,"s:219:12:223:Infinity":27,"b:221:15:221:Infinity:222:16:222:Infinity":4,"f:241:23:241:28":7,"s:242:12:246:Infinity":28,"f:283:9:283:18":8,"s:287:2:299:Infinity":29,"b:297:9:297:18:297:18:297:Infinity":5},"fnNames":{}}}
,"C:\\Users\\jose-\\git\\library-crud\\front-end\\src\\pages\\Home.tsx": {"path":"C:\\Users\\jose-\\git\\library-crud\\front-end\\src\\pages\\Home.tsx","statementMap":{"0":{"start":{"line":33,"column":18},"end":{"line":33,"column":null}},"1":{"start":{"line":36,"column":19},"end":{"line":36,"column":31}},"2":{"start":{"line":39,"column":4},"end":{"line":39,"column":null}},"3":{"start":{"line":42,"column":4},"end":{"line":42,"column":null}},"4":{"start":{"line":45,"column":4},"end":{"line":45,"column":null}},"5":{"start":{"line":48,"column":4},"end":{"line":48,"column":null}},"6":{"start":{"line":51,"column":4},"end":{"line":51,"column":null}},"7":{"start":{"line":54,"column":4},"end":{"line":54,"column":null}},"8":{"start":{"line":57,"column":4},"end":{"line":57,"column":null}},"9":{"start":{"line":60,"column":4},"end":{"line":60,"column":null}},"10":{"start":{"line":63,"column":4},"end":{"line":63,"column":null}},"11":{"start":{"line":66,"column":4},"end":{"line":66,"column":null}},"12":{"start":{"line":71,"column":20},"end":{"line":95,"column":null}},"13":{"start":{"line":72,"column":4},"end":{"line":94,"column":null}},"14":{"start":{"line":73,"column":6},"end":{"line":73,"column":null}},"15":{"start":{"line":74,"column":6},"end":{"line":74,"column":null}},"16":{"start":{"line":76,"column":19},"end":{"line":84,"column":null}},"17":{"start":{"line":79,"column":22},"end":{"line":79,"column":null}},"18":{"start":{"line":82,"column":21},"end":{"line":82,"column":null}},"19":{"start":{"line":86,"column":6},"end":{"line":86,"column":null}},"20":{"start":{"line":88,"column":6},"end":{"line":88,"column":null}},"21":{"start":{"line":89,"column":6},"end":{"line":91,"column":null}},"22":{"start":{"line":93,"column":6},"end":{"line":93,"column":null}},"23":{"start":{"line":101,"column":30},"end":{"line":110,"column":null}},"24":{"start":{"line":102,"column":17},"end":{"line":102,"column":32}},"25":{"start":{"line":104,"column":4},"end":{"line":104,"column":null}},"26":{"start":{"line":105,"column":4},"end":{"line":107,"column":null}},"27":{"start":{"line":109,"column":4},"end":{"line":109,"column":null}},"28":{"start":{"line":115,"column":2},"end":{"line":149,"column":null}},"29":{"start":{"line":116,"column":23},"end":{"line":146,"column":null}},"30":{"start":{"line":117,"column":6},"end":{"line":117,"column":null}},"31":{"start":{"line":118,"column":6},"end":{"line":118,"column":null}},"32":{"start":{"line":120,"column":6},"end":{"line":145,"column":null}},"33":{"start":{"line":125,"column":12},"end":{"line":129,"column":null}},"34":{"start":{"line":131,"column":8},"end":{"line":131,"column":null}},"35":{"start":{"line":132,"column":8},"end":{"line":132,"column":null}},"36":{"start":{"line":133,"column":8},"end":{"line":133,"column":null}},"37":{"start":{"line":135,"column":8},"end":{"line":137,"column":null}},"38":{"start":{"line":139,"column":8},"end":{"line":139,"column":null}},"39":{"start":{"line":140,"column":8},"end":{"line":142,"column":null}},"40":{"start":{"line":144,"column":8},"end":{"line":144,"column":null}},"41":{"start":{"line":148,"column":4},"end":{"line":148,"column":null}},"42":{"start":{"line":155,"column":22},"end":{"line":173,"column":null}},"43":{"start":{"line":156,"column":4},"end":{"line":156,"column":null}},"44":{"start":{"line":157,"column":4},"end":{"line":157,"column":null}},"45":{"start":{"line":158,"column":4},"end":{"line":158,"column":null}},"46":{"start":{"line":160,"column":4},"end":{"line":172,"column":null}},"47":{"start":{"line":161,"column":6},"end":{"line":161,"column":null}},"48":{"start":{"line":162,"column":6},"end":{"line":162,"column":null}},"49":{"start":{"line":164,"column":6},"end":{"line":164,"column":null}},"50":{"start":{"line":166,"column":6},"end":{"line":166,"column":null}},"51":{"start":{"line":167,"column":6},"end":{"line":169,"column":null}},"52":{"start":{"line":171,"column":6},"end":{"line":171,"column":null}},"53":{"start":{"line":178,"column":23},"end":{"line":213,"column":null}},"54":{"start":{"line":179,"column":4},"end":{"line":181,"column":null}},"55":{"start":{"line":180,"column":6},"end":{"line":180,"column":null}},"56":{"start":{"line":183,"column":4},"end":{"line":212,"column":null}},"57":{"start":{"line":184,"column":6},"end":{"line":184,"column":null}},"58":{"start":{"line":185,"column":6},"end":{"line":185,"column":null}},"59":{"start":{"line":187,"column":6},"end":{"line":187,"column":null}},"60":{"start":{"line":189,"column":6},"end":{"line":189,"column":null}},"61":{"start":{"line":194,"column":6},"end":{"line":194,"column":null}},"62":{"start":{"line":201,"column":8},"end":{"line":201,"column":23}},"63":{"start":{"line":203,"column":6},"end":{"line":205,"column":null}},"64":{"start":{"line":207,"column":6},"end":{"line":207,"column":null}},"65":{"start":{"line":208,"column":6},"end":{"line":210,"column":null}},"66":{"start":{"line":211,"column":6},"end":{"line":211,"column":null}},"67":{"start":{"line":218,"column":8},"end":{"line":222,"column":null}},"68":{"start":{"line":221,"column":4},"end":{"line":221,"column":null}},"69":{"start":{"line":227,"column":8},"end":{"line":231,"column":null}},"70":{"start":{"line":230,"column":4},"end":{"line":230,"column":null}},"71":{"start":{"line":236,"column":8},"end":{"line":240,"column":null}},"72":{"start":{"line":239,"column":4},"end":{"line":239,"column":null}},"73":{"start":{"line":242,"column":2},"end":{"line":354,"column":null}},"74":{"start":{"line":269,"column":14},"end":{"line":269,"column":null}},"75":{"start":{"line":294,"column":12},"end":{"line":294,"column":null}},"76":{"start":{"line":348,"column":10},"end":{"line":348,"column":null}}},"fnMap":{"0":{"name":"Home","decl":{"start":{"line":35,"column":24},"end":{"line":35,"column":31}},"loc":{"start":{"line":35,"column":31},"end":{"line":356,"column":null}},"line":35},"1":{"name":"(anonymous_1)","decl":{"start":{"line":71,"column":20},"end":{"line":71,"column":32}},"loc":{"start":{"line":71,"column":32},"end":{"line":95,"column":null}},"line":71},"2":{"name":"(anonymous_2)","decl":{"start":{"line":78,"column":24},"end":{"line":78,"column":null}},"loc":{"start":{"line":79,"column":22},"end":{"line":79,"column":null}},"line":79},"3":{"name":"(anonymous_3)","decl":{"start":{"line":81,"column":23},"end":{"line":81,"column":null}},"loc":{"start":{"line":82,"column":21},"end":{"line":82,"column":null}},"line":82},"4":{"name":"(anonymous_4)","decl":{"start":{"line":101,"column":30},"end":{"line":101,"column":42}},"loc":{"start":{"line":101,"column":42},"end":{"line":110,"column":null}},"line":101},"5":{"name":"(anonymous_5)","decl":{"start":{"line":115,"column":2},"end":{"line":115,"column":18}},"loc":{"start":{"line":115,"column":18},"end":{"line":149,"column":5}},"line":115},"6":{"name":"(anonymous_6)","decl":{"start":{"line":116,"column":23},"end":{"line":116,"column":35}},"loc":{"start":{"line":116,"column":35},"end":{"line":146,"column":null}},"line":116},"7":{"name":"(anonymous_7)","decl":{"start":{"line":155,"column":22},"end":{"line":155,"column":34}},"loc":{"start":{"line":155,"column":34},"end":{"line":173,"column":null}},"line":155},"8":{"name":"(anonymous_8)","decl":{"start":{"line":178,"column":23},"end":{"line":178,"column":35}},"loc":{"start":{"line":178,"column":35},"end":{"line":213,"column":null}},"line":178},"9":{"name":"(anonymous_9)","decl":{"start":{"line":218,"column":8},"end":{"line":218,"column":null}},"loc":{"start":{"line":220,"column":7},"end":{"line":222,"column":null}},"line":220},"10":{"name":"(anonymous_10)","decl":{"start":{"line":227,"column":8},"end":{"line":227,"column":null}},"loc":{"start":{"line":229,"column":7},"end":{"line":231,"column":null}},"line":229},"11":{"name":"(anonymous_11)","decl":{"start":{"line":236,"column":8},"end":{"line":236,"column":null}},"loc":{"start":{"line":238,"column":7},"end":{"line":240,"column":null}},"line":238},"12":{"name":"(anonymous_12)","decl":{"start":{"line":268,"column":12},"end":{"line":268,"column":null}},"loc":{"start":{"line":269,"column":14},"end":{"line":269,"column":null}},"line":269},"13":{"name":"(anonymous_13)","decl":{"start":{"line":293,"column":10},"end":{"line":293,"column":null}},"loc":{"start":{"line":294,"column":12},"end":{"line":294,"column":null}},"line":294},"14":{"name":"(anonymous_14)","decl":{"start":{"line":347,"column":8},"end":{"line":347,"column":null}},"loc":{"start":{"line":348,"column":10},"end":{"line":348,"column":null}},"line":348}},"branchMap":{"0":{"loc":{"start":{"line":179,"column":4},"end":{"line":181,"column":null}},"type":"if","locations":[{"start":{"line":179,"column":4},"end":{"line":181,"column":null}},{"start":{},"end":{}}],"line":179},"1":{"loc":{"start":{"line":264,"column":9},"end":{"line":275,"column":null}},"type":"binary-expr","locations":[{"start":{"line":264,"column":9},"end":{"line":264,"column":null}},{"start":{"line":265,"column":10},"end":{"line":275,"column":null}}],"line":264},"2":{"loc":{"start":{"line":277,"column":7},"end":{"line":286,"column":null}},"type":"binary-expr","locations":[{"start":{"line":277,"column":7},"end":{"line":277,"column":null}},{"start":{"line":278,"column":8},"end":{"line":286,"column":null}}],"line":277},"3":{"loc":{"start":{"line":289,"column":7},"end":{"line":298,"column":null}},"type":"binary-expr","locations":[{"start":{"line":289,"column":7},"end":{"line":289,"column":null}},{"start":{"line":290,"column":8},"end":{"line":298,"column":null}}],"line":289},"4":{"loc":{"start":{"line":324,"column":7},"end":{"line":338,"column":null}},"type":"cond-expr","locations":[{"start":{"line":325,"column":8},"end":{"line":333,"column":9}},{"start":{"line":333,"column":8},"end":{"line":338,"column":null}}],"line":324}},"s":{"0":1,"1":21,"2":21,"3":21,"4":21,"5":21,"6":21,"7":21,"8":21,"9":21,"10":21,"11":21,"12":21,"13":1,"14":1,"15":1,"16":1,"17":0,"18":0,"19":1,"20":0,"21":0,"22":1,"23":21,"24":0,"25":0,"26":0,"27":0,"28":21,"29":8,"30":8,"31":8,"32":8,"33":8,"34":6,"35":6,"36":6,"37":6,"38":1,"39":1,"40":7,"41":8,"42":21,"43":0,"44":0,"45":0,"46":0,"47":0,"48":0,"49":0,"50":0,"51":0,"52":0,"53":21,"54":1,"55":0,"56":1,"57":1,"58":1,"59":1,"60":1,"61":1,"62":1,"63":1,"64":0,"65":0,"66":0,"67":21,"68":0,"69":21,"70":0,"71":21,"72":2,"73":21,"74":1,"75":0,"76":1},"f":{"0":21,"1":1,"2":0,"3":0,"4":0,"5":8,"6":8,"7":0,"8":1,"9":0,"10":0,"11":2,"12":1,"13":0,"14":1},"b":{"0":[0,1],"1":[21,21],"2":[21,0],"3":[21,1],"4":[9,12]},"meta":{"lastBranch":5,"lastFunction":15,"lastStatement":77,"seen":{"s:33:18:33:Infinity":0,"f:35:24:35:31":0,"s:36:19:36:31":1,"s:39:4:39:Infinity":2,"s:42:4:42:Infinity":3,"s:45:4:45:Infinity":4,"s:48:4:48:Infinity":5,"s:51:4:51:Infinity":6,"s:54:4:54:Infinity":7,"s:57:4:57:Infinity":8,"s:60:4:60:Infinity":9,"s:63:4:63:Infinity":10,"s:66:4:66:Infinity":11,"s:71:20:95:Infinity":12,"f:71:20:71:32":1,"s:72:4:94:Infinity":13,"s:73:6:73:Infinity":14,"s:74:6:74:Infinity":15,"s:76:19:84:Infinity":16,"f:78:24:78:Infinity":2,"s:79:22:79:Infinity":17,"f:81:23:81:Infinity":3,"s:82:21:82:Infinity":18,"s:86:6:86:Infinity":19,"s:88:6:88:Infinity":20,"s:89:6:91:Infinity":21,"s:93:6:93:Infinity":22,"s:101:30:110:Infinity":23,"f:101:30:101:42":4,"s:102:17:102:32":24,"s:104:4:104:Infinity":25,"s:105:4:107:Infinity":26,"s:109:4:109:Infinity":27,"s:115:2:149:Infinity":28,"f:115:2:115:18":5,"s:116:23:146:Infinity":29,"f:116:23:116:35":6,"s:117:6:117:Infinity":30,"s:118:6:118:Infinity":31,"s:120:6:145:Infinity":32,"s:125:12:129:Infinity":33,"s:131:8:131:Infinity":34,"s:132:8:132:Infinity":35,"s:133:8:133:Infinity":36,"s:135:8:137:Infinity":37,"s:139:8:139:Infinity":38,"s:140:8:142:Infinity":39,"s:144:8:144:Infinity":40,"s:148:4:148:Infinity":41,"s:155:22:173:Infinity":42,"f:155:22:155:34":7,"s:156:4:156:Infinity":43,"s:157:4:157:Infinity":44,"s:158:4:158:Infinity":45,"s:160:4:172:Infinity":46,"s:161:6:161:Infinity":47,"s:162:6:162:Infinity":48,"s:164:6:164:Infinity":49,"s:166:6:166:Infinity":50,"s:167:6:169:Infinity":51,"s:171:6:171:Infinity":52,"s:178:23:213:Infinity":53,"f:178:23:178:35":8,"b:179:4:181:Infinity:undefined:undefined:undefined:undefined":0,"s:179:4:181:Infinity":54,"s:180:6:180:Infinity":55,"s:183:4:212:Infinity":56,"s:184:6:184:Infinity":57,"s:185:6:185:Infinity":58,"s:187:6:187:Infinity":59,"s:189:6:189:Infinity":60,"s:194:6:194:Infinity":61,"s:201:8:201:23":62,"s:203:6:205:Infinity":63,"s:207:6:207:Infinity":64,"s:208:6:210:Infinity":65,"s:211:6:211:Infinity":66,"s:218:8:222:Infinity":67,"f:218:8:218:Infinity":9,"s:221:4:221:Infinity":68,"s:227:8:231:Infinity":69,"f:227:8:227:Infinity":10,"s:230:4:230:Infinity":70,"s:236:8:240:Infinity":71,"f:236:8:236:Infinity":11,"s:239:4:239:Infinity":72,"s:242:2:354:Infinity":73,"b:264:9:264:Infinity:265:10:275:Infinity":1,"f:268:12:268:Infinity":12,"s:269:14:269:Infinity":74,"b:277:7:277:Infinity:278:8:286:Infinity":2,"b:289:7:289:Infinity:290:8:298:Infinity":3,"f:293:10:293:Infinity":13,"s:294:12:294:Infinity":75,"b:325:8:333:9:333:8:338:Infinity":4,"f:347:8:347:Infinity":14,"s:348:10:348:Infinity":76},"fnNames":{}}}
}
